<?xml version="1.0" encoding="UTF-8"?>
<!-- Generated by org.testng.reporters.JUnitXMLReporter -->
<testsuite hostname="DESKTOP-OTA0MNN" ignored="3" tests="4" failures="0" timestamp="2020-04-01T14:00:55 CST" time="8.006" errors="0">
  <testcase name="test4" time="4.701" classname="RestAssuredTest"/>
  <testcase name="test5" time="0.795" classname="RestAssuredTest"/>
  <testcase name="test6" time="0.723" classname="RestAssuredTest"/>
  <testcase name="test7" time="0.721" classname="RestAssuredTest"/>
  <testcase name="test1" time="0.0" classname="RestAssuredTest">
    <ignored/>
  </testcase> <!-- test1 -->
  <testcase name="test3" time="0.0" classname="RestAssuredTest">
    <ignored/>
  </testcase> <!-- test3 -->
  <testcase name="test2" time="0.0" classname="RestAssuredTest">
    <ignored/>
  </testcase> <!-- test2 -->
</testsuite>
