<?xml version="1.0" encoding="UTF-8"?>
<testng-results skipped="0" failed="0" ignored="3" total="7" passed="4">
  <reporter-output>
  </reporter-output>
  <suite name="Default suite" duration-ms="8006" started-at="2020-04-01T14:00:47 CST" finished-at="2020-04-01T14:00:55 CST">
    <groups>
    </groups>
    <test name="Default test" duration-ms="8006" started-at="2020-04-01T14:00:47 CST" finished-at="2020-04-01T14:00:55 CST">
      <class name="RestAssuredTest">
        <test-method status="PASS" signature="setUp()[pri:0, instance:RestAssuredTest@15d0c81b]" name="setUp" is-config="true" duration-ms="975" started-at="2020-04-01T14:00:47 CST" finished-at="2020-04-01T14:00:48 CST">
          <reporter-output>
          </reporter-output>
        </test-method> <!-- setUp -->
        <test-method status="PASS" signature="test4()[pri:0, instance:RestAssuredTest@15d0c81b]" name="test4" duration-ms="4701" started-at="2020-04-01T14:00:48 CST" finished-at="2020-04-01T14:00:53 CST">
          <reporter-output>
          </reporter-output>
        </test-method> <!-- test4 -->
        <test-method status="PASS" signature="test5()[pri:0, instance:RestAssuredTest@15d0c81b]" name="test5" duration-ms="795" started-at="2020-04-01T14:00:53 CST" finished-at="2020-04-01T14:00:53 CST">
          <reporter-output>
          </reporter-output>
        </test-method> <!-- test5 -->
        <test-method status="PASS" signature="test6()[pri:0, instance:RestAssuredTest@15d0c81b]" name="test6" duration-ms="723" started-at="2020-04-01T14:00:53 CST" finished-at="2020-04-01T14:00:54 CST">
          <reporter-output>
          </reporter-output>
        </test-method> <!-- test6 -->
        <test-method status="PASS" signature="test7()[pri:0, instance:RestAssuredTest@15d0c81b]" name="test7" duration-ms="721" started-at="2020-04-01T14:00:54 CST" finished-at="2020-04-01T14:00:55 CST">
          <reporter-output>
          </reporter-output>
        </test-method> <!-- test7 -->
      </class> <!-- RestAssuredTest -->
    </test> <!-- Default test -->
  </suite> <!-- Default suite -->
</testng-results>
